2024-11-10 20:31:12,938 - INFO - Running Recursive Knapsack Algorithm...
2024-11-10 20:31:12,938 - INFO - Recursive Knapsack completed in 0.0002 seconds
2024-11-10 20:31:12,938 - INFO - Running Recursive Knapsack Algorithm...
2024-11-10 20:31:12,938 - INFO - Recursive Knapsack completed in 0.0002 seconds
2024-11-10 20:31:12,938 - INFO - Estimated time for Recursive with 50 items: 187957248.0000 seconds

2024-11-10 20:31:12,939 - INFO - Running Recursive Knapsack Algorithm...
2024-11-10 20:31:12,939 - INFO - Recursive Knapsack completed in 0.0002 seconds
2024-11-10 20:31:12,939 - INFO - Estimated time for Recursive with 100 items: 211621048013595976138752.0000 seconds

2024-11-10 20:31:12,939 - INFO - Running Recursive Knapsack Algorithm...
2024-11-10 20:31:12,939 - INFO - Recursive Knapsack completed in 0.0002 seconds
2024-11-10 20:31:12,939 - INFO - Estimated time for Recursive with 250 items: 302035652505422011449628903396766799890591133608774851077363883573248.0000 seconds

2024-11-10 20:31:12,939 - INFO - Running Recursive Knapsack Algorithm...
2024-11-10 20:31:12,939 - INFO - Recursive Knapsack completed in 0.0002 seconds
2024-11-10 20:31:12,939 - INFO - Estimated time for Recursive with 500 items: 546458425433732038549952444766040097954527555735054764444828012707859261897893542389223504857549742021874001370617321439461962539562915176906752.0000 seconds

2024-11-10 20:31:12,939 - INFO - Running Recursive Knapsack Algorithm...
2024-11-10 20:31:12,939 - INFO - Recursive Knapsack completed in 0.0002 seconds
2024-11-10 20:31:12,939 - INFO - Estimated time for Recursive with 1000 items: 1788771877420492631197024044059266564837953192165278821571657966034351158087559043959768576572774747101323167984107523862410297547097758318437482724212780160461805084382410537578843182844510327262453070982297491879022738870402080086041636534346559576165757112787396352321963801350195818897866752.0000 seconds

2024-11-10 20:31:12,939 - INFO - Running Memoized Knapsack Algorithm...
2024-11-10 20:31:12,939 - INFO - Memoized Knapsack completed in 0.0001 seconds
2024-11-10 20:31:12,939 - INFO - Running Memo Knapsack Algorithm...
2024-11-10 20:31:12,939 - INFO - Memo Knapsack completed in 0.0001 seconds
2024-11-10 20:31:12,939 - INFO - Estimated time for Memo with 50 items: 0.0004 seconds

2024-11-10 20:31:12,939 - INFO - Running Memo Knapsack Algorithm...
2024-11-10 20:31:12,939 - INFO - Memo Knapsack completed in 0.0001 seconds
2024-11-10 20:31:12,939 - INFO - Estimated time for Memo with 100 items: 0.0009 seconds

2024-11-10 20:31:12,939 - INFO - Running Memo Knapsack Algorithm...
2024-11-10 20:31:12,939 - INFO - Memo Knapsack completed in 0.0001 seconds
2024-11-10 20:31:12,939 - INFO - Estimated time for Memo with 250 items: 0.0022 seconds

2024-11-10 20:31:12,939 - INFO - Running Memo Knapsack Algorithm...
2024-11-10 20:31:12,939 - INFO - Memo Knapsack completed in 0.0001 seconds
2024-11-10 20:31:12,939 - INFO - Estimated time for Memo with 500 items: 0.0044 seconds

2024-11-10 20:31:12,939 - INFO - Running Memo Knapsack Algorithm...
2024-11-10 20:31:12,939 - INFO - Memo Knapsack completed in 0.0001 seconds
2024-11-10 20:31:12,939 - INFO - Estimated time for Memo with 1000 items: 0.0087 seconds

2024-11-10 20:31:12,939 - INFO - Running DP Knapsack Algorithm...
2024-11-10 20:31:12,939 - INFO - DP Knapsack completed in 0.0000 seconds
2024-11-10 20:31:12,939 - INFO - Running DP Knapsack Algorithm...
2024-11-10 20:31:12,939 - INFO - DP Knapsack completed in 0.0000 seconds
2024-11-10 20:31:12,939 - INFO - Estimated time for DP with 50 items: 0.0000 seconds

2024-11-10 20:31:12,939 - INFO - Running DP Knapsack Algorithm...
2024-11-10 20:31:12,939 - INFO - DP Knapsack completed in 0.0000 seconds
2024-11-10 20:31:12,939 - INFO - Estimated time for DP with 100 items: 0.0000 seconds

2024-11-10 20:31:12,939 - INFO - Running DP Knapsack Algorithm...
2024-11-10 20:31:12,939 - INFO - DP Knapsack completed in 0.0000 seconds
2024-11-10 20:31:12,939 - INFO - Estimated time for DP with 250 items: 0.0000 seconds

2024-11-10 20:31:12,939 - INFO - Running DP Knapsack Algorithm...
2024-11-10 20:31:12,939 - INFO - DP Knapsack completed in 0.0000 seconds
2024-11-10 20:31:12,939 - INFO - Estimated time for DP with 500 items: 0.0000 seconds

2024-11-10 20:31:12,939 - INFO - Running DP Knapsack Algorithm...
2024-11-10 20:31:12,939 - INFO - DP Knapsack completed in 0.0000 seconds
2024-11-10 20:31:12,939 - INFO - Estimated time for DP with 1000 items: 0.0000 seconds

