2024-11-22 17:15:49 - [INFO]:  *** [TEST #1] *** 

2024-11-22 17:15:49 - [INFO]: Method: Recursive
2024-11-22 17:15:49 - [TIME]: 0.7393
2024-11-22 17:15:49 - [INFO]: FOR: [ITEMS]: XS, [CAPACITY]: 50
2024-11-22 17:15:49 - [SOLUTION]: 146

2024-11-22 17:15:49 - [INFO]: 
----------------------------------------

2024-11-22 17:15:50 - [INFO]:  *** [TEST #2] *** 

2024-11-22 17:15:50 - [INFO]: Method: Recursive
2024-11-22 17:15:50 - [TIME]: 450.1619
2024-11-22 17:15:50 - [INFO]: FOR: [ITEMS]: S, [CAPACITY]: 70
2024-11-22 17:15:50 - [SOLUTION]: 295

2024-11-22 17:15:50 - [INFO]: 
----------------------------------------

2024-11-22 17:15:50 - [INFO]:  *** [TEST #3] *** 

2024-11-22 17:15:50 - [INFO]: Method: Recursive
2024-11-22 17:15:50 - [TIME]: -1
2024-11-22 17:15:50 - [INFO]: FOR: [ITEMS]: M, [CAPACITY]: 41
2024-11-22 17:15:50 - [SOLUTION]: 0

2024-11-22 17:15:50 - [INFO]: 
----------------------------------------

2024-11-22 17:15:50 - [INFO]:  *** [TEST #4] *** 

2024-11-22 17:15:50 - [INFO]: Method: Recursive
2024-11-22 17:15:50 - [TIME]: -1
2024-11-22 17:15:50 - [INFO]: FOR: [ITEMS]: L, [CAPACITY]: 36
2024-11-22 17:15:50 - [SOLUTION]: 0

2024-11-22 17:15:50 - [INFO]: 
----------------------------------------

2024-11-22 17:15:50 - [INFO]:  *** [TEST #5] *** 

2024-11-22 17:15:50 - [INFO]: Method: Recursive
2024-11-22 17:15:50 - [TIME]: -1
2024-11-22 17:15:50 - [INFO]: FOR: [ITEMS]: XL, [CAPACITY]: 86
2024-11-22 17:15:50 - [SOLUTION]: 0

2024-11-22 17:15:50 - [INFO]: 
----------------------------------------

2024-11-22 17:15:50 - [INFO]:  *** [TEST #6] *** 

2024-11-22 17:15:50 - [INFO]: Method: DP
2024-11-22 17:15:50 - [TIME]: 0.5657
2024-11-22 17:15:50 - [INFO]: FOR: [ITEMS]: XS, [CAPACITY]: 51
2024-11-22 17:15:50 - [SOLUTION]: 154

2024-11-22 17:15:50 - [INFO]: 
----------------------------------------

2024-11-22 17:15:50 - [INFO]:  *** [TEST #7] *** 

2024-11-22 17:15:50 - [INFO]: Method: DP
2024-11-22 17:15:50 - [TIME]: 0.9869
2024-11-22 17:15:50 - [INFO]: FOR: [ITEMS]: S, [CAPACITY]: 113
2024-11-22 17:15:50 - [SOLUTION]: 410

2024-11-22 17:15:50 - [INFO]: 
----------------------------------------

2024-11-22 17:15:50 - [INFO]:  *** [TEST #8] *** 

2024-11-22 17:15:50 - [INFO]: Method: DP
2024-11-22 17:15:50 - [TIME]: 0.0693
2024-11-22 17:15:50 - [INFO]: FOR: [ITEMS]: M, [CAPACITY]: 45
2024-11-22 17:15:50 - [SOLUTION]: 210

2024-11-22 17:15:50 - [INFO]: 
----------------------------------------

2024-11-22 17:15:50 - [INFO]:  *** [TEST #9] *** 

2024-11-22 17:15:50 - [INFO]: Method: DP
2024-11-22 17:15:50 - [TIME]: 0.2227
2024-11-22 17:15:50 - [INFO]: FOR: [ITEMS]: L, [CAPACITY]: 94
2024-11-22 17:15:50 - [SOLUTION]: 481

2024-11-22 17:15:50 - [INFO]: 
----------------------------------------

2024-11-22 17:15:50 - [INFO]:  *** [TEST #10] *** 

2024-11-22 17:15:50 - [INFO]: Method: DP
2024-11-22 17:15:50 - [TIME]: 0.3348
2024-11-22 17:15:50 - [INFO]: FOR: [ITEMS]: XL, [CAPACITY]: 71
2024-11-22 17:15:50 - [SOLUTION]: 364

2024-11-22 17:15:50 - [INFO]: 
----------------------------------------

2024-11-22 17:15:50 - [INFO]:  *** [TEST #11] *** 

2024-11-22 17:15:50 - [INFO]: Method: Memo
2024-11-22 17:15:50 - [TIME]: 3.4709
2024-11-22 17:15:50 - [INFO]: FOR: [ITEMS]: XS, [CAPACITY]: 102
2024-11-22 17:15:50 - [SOLUTION]: 253

2024-11-22 17:15:50 - [INFO]: 
----------------------------------------

2024-11-22 17:15:50 - [INFO]:  *** [TEST #12] *** 

2024-11-22 17:15:50 - [INFO]: Method: Memo
2024-11-22 17:15:50 - [TIME]: 3.7935
2024-11-22 17:15:50 - [INFO]: FOR: [ITEMS]: S, [CAPACITY]: 110
2024-11-22 17:15:50 - [SOLUTION]: 403

2024-11-22 17:15:50 - [INFO]: 
----------------------------------------

2024-11-22 17:15:50 - [INFO]:  *** [TEST #13] *** 

2024-11-22 17:15:50 - [INFO]: Method: Memo
2024-11-22 17:15:50 - [TIME]: 5.9783
2024-11-22 17:15:50 - [INFO]: FOR: [ITEMS]: M, [CAPACITY]: 80
2024-11-22 17:15:50 - [SOLUTION]: 347

2024-11-22 17:15:50 - [INFO]: 
----------------------------------------

2024-11-22 17:15:50 - [INFO]:  *** [TEST #14] *** 

2024-11-22 17:15:50 - [INFO]: Method: Memo
2024-11-22 17:15:50 - [TIME]: 5.625
2024-11-22 17:15:50 - [INFO]: FOR: [ITEMS]: L, [CAPACITY]: 48
2024-11-22 17:15:50 - [SOLUTION]: 264

2024-11-22 17:15:50 - [INFO]: 
----------------------------------------

2024-11-22 17:15:50 - [INFO]:  *** [TEST #15] *** 

2024-11-22 17:15:50 - [INFO]: Method: Memo
2024-11-22 17:15:50 - [TIME]: 41.4703
2024-11-22 17:15:50 - [INFO]: FOR: [ITEMS]: XL, [CAPACITY]: 58
2024-11-22 17:15:50 - [SOLUTION]: 304

2024-11-22 17:15:50 - [INFO]: 
----------------------------------------

2024-11-22 17:15:50 - [INFO]:  *** [TEST #1] *** 

2024-11-22 17:15:50 - [INFO]: Method: Recursive
2024-11-22 17:15:50 - [TIME]: 0.1782
2024-11-22 17:15:50 - [INFO]: FOR: [ITEMS]: XS, [CAPACITY]: 51
2024-11-22 17:15:50 - [SOLUTION]: 154

2024-11-22 17:15:50 - [INFO]: 
----------------------------------------

2024-11-22 17:15:50 - [INFO]:  *** [TEST #2] *** 

2024-11-22 17:15:50 - [INFO]: Method: Recursive
2024-11-22 17:15:50 - [TIME]: 0.8874
2024-11-22 17:15:50 - [INFO]: FOR: [ITEMS]: S, [CAPACITY]: 38
2024-11-22 17:15:50 - [SOLUTION]: 179

2024-11-22 17:15:50 - [INFO]: 
----------------------------------------

2024-11-22 17:15:50 - [INFO]:  *** [TEST #3] *** 

2024-11-22 17:15:50 - [INFO]: Method: Recursive
2024-11-22 17:15:50 - [TIME]: -1
2024-11-22 17:15:50 - [INFO]: FOR: [ITEMS]: M, [CAPACITY]: 38
2024-11-22 17:15:50 - [SOLUTION]: 0

2024-11-22 17:15:50 - [INFO]: 
----------------------------------------

2024-11-22 17:15:50 - [INFO]:  *** [TEST #4] *** 

2024-11-22 17:15:50 - [INFO]: Method: Recursive
2024-11-22 17:15:50 - [TIME]: -1
2024-11-22 17:15:50 - [INFO]: FOR: [ITEMS]: L, [CAPACITY]: 23
2024-11-22 17:15:50 - [SOLUTION]: 0

2024-11-22 17:15:50 - [INFO]: 
----------------------------------------

2024-11-22 17:15:50 - [INFO]:  *** [TEST #5] *** 

2024-11-22 17:15:50 - [INFO]: Method: Recursive
2024-11-22 17:15:50 - [TIME]: -1
2024-11-22 17:15:50 - [INFO]: FOR: [ITEMS]: XL, [CAPACITY]: 41
2024-11-22 17:15:50 - [SOLUTION]: 0

2024-11-22 17:15:50 - [INFO]: 
----------------------------------------

2024-11-22 17:15:50 - [INFO]:  *** [TEST #6] *** 

2024-11-22 17:15:50 - [INFO]: Method: DP
2024-11-22 17:15:50 - [TIME]: 0.036
2024-11-22 17:15:50 - [INFO]: FOR: [ITEMS]: XS, [CAPACITY]: 58
2024-11-22 17:15:50 - [SOLUTION]: 165

2024-11-22 17:15:50 - [INFO]: 
----------------------------------------

2024-11-22 17:15:50 - [INFO]:  *** [TEST #7] *** 

2024-11-22 17:15:50 - [INFO]: Method: DP
2024-11-22 17:15:50 - [TIME]: 0.067
2024-11-22 17:15:50 - [INFO]: FOR: [ITEMS]: S, [CAPACITY]: 111
2024-11-22 17:15:50 - [SOLUTION]: 403

2024-11-22 17:15:50 - [INFO]: 
----------------------------------------

2024-11-22 17:15:50 - [INFO]:  *** [TEST #8] *** 

2024-11-22 17:15:50 - [INFO]: Method: DP
2024-11-22 17:15:50 - [TIME]: 0.121
2024-11-22 17:15:50 - [INFO]: FOR: [ITEMS]: M, [CAPACITY]: 100
2024-11-22 17:15:50 - [SOLUTION]: 412

2024-11-22 17:15:50 - [INFO]: 
----------------------------------------

2024-11-22 17:15:50 - [INFO]:  *** [TEST #9] *** 

2024-11-22 17:15:50 - [INFO]: Method: DP
2024-11-22 17:15:50 - [TIME]: 0.1522
2024-11-22 17:15:50 - [INFO]: FOR: [ITEMS]: L, [CAPACITY]: 69
2024-11-22 17:15:50 - [SOLUTION]: 368

2024-11-22 17:15:50 - [INFO]: 
----------------------------------------

2024-11-22 17:15:50 - [INFO]:  *** [TEST #10] *** 

2024-11-22 17:15:50 - [INFO]: Method: DP
2024-11-22 17:15:50 - [TIME]: 0.4014
2024-11-22 17:15:50 - [INFO]: FOR: [ITEMS]: XL, [CAPACITY]: 99
2024-11-22 17:15:50 - [SOLUTION]: 490

2024-11-22 17:15:50 - [INFO]: 
----------------------------------------

2024-11-22 17:15:50 - [INFO]:  *** [TEST #11] *** 

2024-11-22 17:15:50 - [INFO]: Method: Memo
2024-11-22 17:15:50 - [TIME]: 0.2357
2024-11-22 17:15:50 - [INFO]: FOR: [ITEMS]: XS, [CAPACITY]: 37
2024-11-22 17:15:50 - [SOLUTION]: 120

2024-11-22 17:15:50 - [INFO]: 
----------------------------------------

2024-11-22 17:15:50 - [INFO]:  *** [TEST #12] *** 

2024-11-22 17:15:50 - [INFO]: Method: Memo
2024-11-22 17:15:50 - [TIME]: 1.5246
2024-11-22 17:15:50 - [INFO]: FOR: [ITEMS]: S, [CAPACITY]: 65
2024-11-22 17:15:50 - [SOLUTION]: 276

2024-11-22 17:15:50 - [INFO]: 
----------------------------------------

2024-11-22 17:15:50 - [INFO]:  *** [TEST #13] *** 

2024-11-22 17:15:50 - [INFO]: Method: Memo
2024-11-22 17:15:50 - [TIME]: 7.1423
2024-11-22 17:15:50 - [INFO]: FOR: [ITEMS]: M, [CAPACITY]: 99
2024-11-22 17:15:50 - [SOLUTION]: 408

2024-11-22 17:15:50 - [INFO]: 
----------------------------------------

2024-11-22 17:15:50 - [INFO]:  *** [TEST #14] *** 

2024-11-22 17:15:50 - [INFO]: Method: Memo
2024-11-22 17:15:50 - [TIME]: 1.8386
2024-11-22 17:15:50 - [INFO]: FOR: [ITEMS]: L, [CAPACITY]: 25
2024-11-22 17:15:50 - [SOLUTION]: 144

2024-11-22 17:15:50 - [INFO]: 
----------------------------------------

2024-11-22 17:15:50 - [INFO]:  *** [TEST #15] *** 

2024-11-22 17:15:50 - [INFO]: Method: Memo
2024-11-22 17:15:50 - [TIME]: 21.1777
2024-11-22 17:15:50 - [INFO]: FOR: [ITEMS]: XL, [CAPACITY]: 73
2024-11-22 17:15:50 - [SOLUTION]: 372

2024-11-22 17:15:50 - [INFO]: 
----------------------------------------

2024-11-22 17:15:50 - [INFO]:  *** [TEST #1] *** 

2024-11-22 17:15:50 - [INFO]: Method: Recursive
2024-11-22 17:15:50 - [TIME]: 8.2241
2024-11-22 17:15:50 - [INFO]: FOR: [ITEMS]: XS, [CAPACITY]: 86
2024-11-22 17:15:50 - [SOLUTION]: 220

2024-11-22 17:15:50 - [INFO]: 
----------------------------------------

2024-11-22 17:15:50 - [INFO]:  *** [TEST #2] *** 

2024-11-22 17:15:50 - [INFO]: Method: Recursive
2024-11-22 17:15:50 - [TIME]: 0.2212
2024-11-22 17:15:50 - [INFO]: FOR: [ITEMS]: S, [CAPACITY]: 31
2024-11-22 17:15:50 - [SOLUTION]: 145

2024-11-22 17:15:50 - [INFO]: 
----------------------------------------

2024-11-22 17:15:50 - [INFO]:  *** [TEST #3] *** 

2024-11-22 17:15:50 - [INFO]: Method: Recursive
2024-11-22 17:15:50 - [TIME]: -1
2024-11-22 17:15:50 - [INFO]: FOR: [ITEMS]: M, [CAPACITY]: 67
2024-11-22 17:15:50 - [SOLUTION]: 0

2024-11-22 17:15:50 - [INFO]: 
----------------------------------------

2024-11-22 17:15:50 - [INFO]:  *** [TEST #4] *** 

2024-11-22 17:15:50 - [INFO]: Method: Recursive
2024-11-22 17:15:50 - [TIME]: -1
2024-11-22 17:15:50 - [INFO]: FOR: [ITEMS]: L, [CAPACITY]: 84
2024-11-22 17:15:50 - [SOLUTION]: 0

2024-11-22 17:15:50 - [INFO]: 
----------------------------------------

2024-11-22 17:15:50 - [INFO]:  *** [TEST #5] *** 

2024-11-22 17:15:50 - [INFO]: Method: Recursive
2024-11-22 17:15:50 - [TIME]: -1
2024-11-22 17:15:50 - [INFO]: FOR: [ITEMS]: XL, [CAPACITY]: 38
2024-11-22 17:15:50 - [SOLUTION]: 0

2024-11-22 17:15:50 - [INFO]: 
----------------------------------------

2024-11-22 17:15:50 - [INFO]:  *** [TEST #6] *** 

2024-11-22 17:15:50 - [INFO]: Method: DP
2024-11-22 17:15:50 - [TIME]: 0.0363
2024-11-22 17:15:50 - [INFO]: FOR: [ITEMS]: XS, [CAPACITY]: 72
2024-11-22 17:15:50 - [SOLUTION]: 193

2024-11-22 17:15:50 - [INFO]: 
----------------------------------------

2024-11-22 17:15:50 - [INFO]:  *** [TEST #7] *** 

2024-11-22 17:15:50 - [INFO]: Method: DP
2024-11-22 17:15:50 - [TIME]: 0.0385
2024-11-22 17:15:50 - [INFO]: FOR: [ITEMS]: S, [CAPACITY]: 34
2024-11-22 17:15:50 - [SOLUTION]: 163

2024-11-22 17:15:50 - [INFO]: 
----------------------------------------

2024-11-22 17:15:50 - [INFO]:  *** [TEST #8] *** 

2024-11-22 17:15:50 - [INFO]: Method: DP
2024-11-22 17:15:50 - [TIME]: 0.0773
2024-11-22 17:15:50 - [INFO]: FOR: [ITEMS]: M, [CAPACITY]: 60
2024-11-22 17:15:50 - [SOLUTION]: 268

2024-11-22 17:15:50 - [INFO]: 
----------------------------------------

2024-11-22 17:15:50 - [INFO]:  *** [TEST #9] *** 

2024-11-22 17:15:50 - [INFO]: Method: DP
2024-11-22 17:15:50 - [TIME]: 0.0892
2024-11-22 17:15:50 - [INFO]: FOR: [ITEMS]: L, [CAPACITY]: 38
2024-11-22 17:15:50 - [SOLUTION]: 216

2024-11-22 17:15:50 - [INFO]: 
----------------------------------------

2024-11-22 17:15:50 - [INFO]:  *** [TEST #10] *** 

2024-11-22 17:15:50 - [INFO]: Method: DP
2024-11-22 17:15:50 - [TIME]: 0.1191
2024-11-22 17:15:50 - [INFO]: FOR: [ITEMS]: XL, [CAPACITY]: 28
2024-11-22 17:15:50 - [SOLUTION]: 146

2024-11-22 17:15:50 - [INFO]: 
----------------------------------------

2024-11-22 17:15:50 - [INFO]:  *** [TEST #11] *** 

2024-11-22 17:15:50 - [INFO]: Method: Memo
2024-11-22 17:15:50 - [TIME]: 0.1754
2024-11-22 17:15:50 - [INFO]: FOR: [ITEMS]: XS, [CAPACITY]: 31
2024-11-22 17:15:50 - [SOLUTION]: 101

2024-11-22 17:15:50 - [INFO]: 
----------------------------------------

2024-11-22 17:15:50 - [INFO]:  *** [TEST #12] *** 

2024-11-22 17:15:50 - [INFO]: Method: Memo
2024-11-22 17:15:50 - [TIME]: 1.5194
2024-11-22 17:15:50 - [INFO]: FOR: [ITEMS]: S, [CAPACITY]: 65
2024-11-22 17:15:50 - [SOLUTION]: 276

2024-11-22 17:15:50 - [INFO]: 
----------------------------------------

2024-11-22 17:15:50 - [INFO]:  *** [TEST #13] *** 

2024-11-22 17:15:50 - [INFO]: Method: Memo
2024-11-22 17:15:50 - [TIME]: 0.8047
2024-11-22 17:15:50 - [INFO]: FOR: [ITEMS]: M, [CAPACITY]: 24
2024-11-22 17:15:50 - [SOLUTION]: 111

2024-11-22 17:15:50 - [INFO]: 
----------------------------------------

2024-11-22 17:15:50 - [INFO]:  *** [TEST #14] *** 

2024-11-22 17:15:50 - [INFO]: Method: Memo
2024-11-22 17:15:50 - [TIME]: 12.0966
2024-11-22 17:15:50 - [INFO]: FOR: [ITEMS]: L, [CAPACITY]: 84
2024-11-22 17:15:50 - [SOLUTION]: 439

2024-11-22 17:15:50 - [INFO]: 
----------------------------------------

2024-11-22 17:15:50 - [INFO]:  *** [TEST #15] *** 

2024-11-22 17:15:50 - [INFO]: Method: Memo
2024-11-22 17:15:50 - [TIME]: 17.7817
2024-11-22 17:15:50 - [INFO]: FOR: [ITEMS]: XL, [CAPACITY]: 65
2024-11-22 17:15:50 - [SOLUTION]: 336

2024-11-22 17:15:50 - [INFO]: 
----------------------------------------

2024-11-22 17:15:50 - [INFO]:  *** [TEST #1] *** 

2024-11-22 17:15:50 - [INFO]: Method: Recursive
2024-11-22 17:15:50 - [TIME]: 4.5034
2024-11-22 17:15:50 - [INFO]: FOR: [ITEMS]: XS, [CAPACITY]: 80
2024-11-22 17:15:50 - [SOLUTION]: 209

2024-11-22 17:15:50 - [INFO]: 
----------------------------------------

2024-11-22 17:15:50 - [INFO]:  *** [TEST #2] *** 

2024-11-22 17:15:50 - [INFO]: Method: Recursive
2024-11-22 17:15:50 - [TIME]: 7.1952
2024-11-22 17:15:50 - [INFO]: FOR: [ITEMS]: S, [CAPACITY]: 49
2024-11-22 17:15:50 - [SOLUTION]: 215

2024-11-22 17:15:50 - [INFO]: 
----------------------------------------

2024-11-22 17:15:50 - [INFO]:  *** [TEST #3] *** 

2024-11-22 17:15:50 - [INFO]: Method: Recursive
2024-11-22 17:15:50 - [TIME]: -1
2024-11-22 17:15:50 - [INFO]: FOR: [ITEMS]: M, [CAPACITY]: 45
2024-11-22 17:15:50 - [SOLUTION]: 0

2024-11-22 17:15:50 - [INFO]: 
----------------------------------------

2024-11-22 17:15:50 - [INFO]:  *** [TEST #4] *** 

2024-11-22 17:15:50 - [INFO]: Method: Recursive
2024-11-22 17:15:50 - [TIME]: -1
2024-11-22 17:15:50 - [INFO]: FOR: [ITEMS]: L, [CAPACITY]: 74
2024-11-22 17:15:50 - [SOLUTION]: 0

2024-11-22 17:15:50 - [INFO]: 
----------------------------------------

2024-11-22 17:15:50 - [INFO]:  *** [TEST #5] *** 

2024-11-22 17:15:50 - [INFO]: Method: Recursive
2024-11-22 17:15:50 - [TIME]: -1
2024-11-22 17:15:50 - [INFO]: FOR: [ITEMS]: XL, [CAPACITY]: 36
2024-11-22 17:15:50 - [SOLUTION]: 0

2024-11-22 17:15:50 - [INFO]: 
----------------------------------------

2024-11-22 17:15:50 - [INFO]:  *** [TEST #6] *** 

2024-11-22 17:15:50 - [INFO]: Method: DP
2024-11-22 17:15:50 - [TIME]: 0.0431
2024-11-22 17:15:50 - [INFO]: FOR: [ITEMS]: XS, [CAPACITY]: 65
2024-11-22 17:15:50 - [SOLUTION]: 182

2024-11-22 17:15:50 - [INFO]: 
----------------------------------------

2024-11-22 17:15:50 - [INFO]:  *** [TEST #7] *** 

2024-11-22 17:15:50 - [INFO]: Method: DP
2024-11-22 17:15:50 - [TIME]: 0.0697
2024-11-22 17:15:50 - [INFO]: FOR: [ITEMS]: S, [CAPACITY]: 97
2024-11-22 17:15:50 - [SOLUTION]: 366

2024-11-22 17:15:50 - [INFO]: 
----------------------------------------

2024-11-22 17:15:50 - [INFO]:  *** [TEST #8] *** 

2024-11-22 17:15:50 - [INFO]: Method: DP
2024-11-22 17:15:50 - [TIME]: 0.0726
2024-11-22 17:15:50 - [INFO]: FOR: [ITEMS]: M, [CAPACITY]: 47
2024-11-22 17:15:50 - [SOLUTION]: 221

2024-11-22 17:15:50 - [INFO]: 
----------------------------------------

2024-11-22 17:15:50 - [INFO]:  *** [TEST #9] *** 

2024-11-22 17:15:50 - [INFO]: Method: DP
2024-11-22 17:15:50 - [TIME]: 0.278
2024-11-22 17:15:50 - [INFO]: FOR: [ITEMS]: L, [CAPACITY]: 118
2024-11-22 17:15:50 - [SOLUTION]: 582

2024-11-22 17:15:50 - [INFO]: 
----------------------------------------

2024-11-22 17:15:50 - [INFO]:  *** [TEST #10] *** 

2024-11-22 17:15:50 - [INFO]: Method: DP
2024-11-22 17:15:50 - [TIME]: 0.2924
2024-11-22 17:15:50 - [INFO]: FOR: [ITEMS]: XL, [CAPACITY]: 65
2024-11-22 17:15:50 - [SOLUTION]: 336

2024-11-22 17:15:50 - [INFO]: 
----------------------------------------

2024-11-22 17:15:50 - [INFO]:  *** [TEST #11] *** 

2024-11-22 17:15:50 - [INFO]: Method: Memo
2024-11-22 17:15:50 - [TIME]: 0.8463
2024-11-22 17:15:50 - [INFO]: FOR: [ITEMS]: XS, [CAPACITY]: 79
2024-11-22 17:15:50 - [SOLUTION]: 209

2024-11-22 17:15:50 - [INFO]: 
----------------------------------------

2024-11-22 17:15:50 - [INFO]:  *** [TEST #12] *** 

2024-11-22 17:15:50 - [INFO]: Method: Memo
2024-11-22 17:15:50 - [TIME]: 0.7416
2024-11-22 17:15:50 - [INFO]: FOR: [ITEMS]: S, [CAPACITY]: 41
2024-11-22 17:15:50 - [SOLUTION]: 189

2024-11-22 17:15:50 - [INFO]: 
----------------------------------------

2024-11-22 17:15:50 - [INFO]:  *** [TEST #13] *** 

2024-11-22 17:15:50 - [INFO]: Method: Memo
2024-11-22 17:15:50 - [TIME]: 6.2568
2024-11-22 17:15:50 - [INFO]: FOR: [ITEMS]: M, [CAPACITY]: 89
2024-11-22 17:15:50 - [SOLUTION]: 377

2024-11-22 17:15:50 - [INFO]: 
----------------------------------------

2024-11-22 17:15:50 - [INFO]:  *** [TEST #14] *** 

2024-11-22 17:15:50 - [INFO]: Method: Memo
2024-11-22 17:15:50 - [TIME]: 1.6079
2024-11-22 17:15:50 - [INFO]: FOR: [ITEMS]: L, [CAPACITY]: 23
2024-11-22 17:15:50 - [SOLUTION]: 110

2024-11-22 17:15:50 - [INFO]: 
----------------------------------------

2024-11-22 17:15:50 - [INFO]:  *** [TEST #15] *** 

2024-11-22 17:15:50 - [INFO]: Method: Memo
2024-11-22 17:15:50 - [TIME]: 25.9436
2024-11-22 17:15:50 - [INFO]: FOR: [ITEMS]: XL, [CAPACITY]: 84
2024-11-22 17:15:50 - [SOLUTION]: 423

2024-11-22 17:15:50 - [INFO]: 
----------------------------------------

2024-11-22 17:15:50 - [INFO]:  *** [TEST #1] *** 

2024-11-22 17:15:50 - [INFO]: Method: Recursive
2024-11-22 17:15:50 - [TIME]: 24.407
2024-11-22 17:15:50 - [INFO]: FOR: [ITEMS]: XS, [CAPACITY]: 97
2024-11-22 17:15:50 - [SOLUTION]: 245

2024-11-22 17:15:50 - [INFO]: 
----------------------------------------

2024-11-22 17:15:57 - [INFO]:  *** [TEST #2] *** 

2024-11-22 17:15:57 - [INFO]: Method: Recursive
2024-11-22 17:15:57 - [TIME]: 6953.9312
2024-11-22 17:15:57 - [INFO]: FOR: [ITEMS]: S, [CAPACITY]: 91
2024-11-22 17:15:57 - [SOLUTION]: 354

2024-11-22 17:15:57 - [INFO]: 
----------------------------------------

2024-11-22 17:15:57 - [INFO]:  *** [TEST #3] *** 

2024-11-22 17:15:57 - [INFO]: Method: Recursive
2024-11-22 17:15:57 - [TIME]: -1
2024-11-22 17:15:57 - [INFO]: FOR: [ITEMS]: M, [CAPACITY]: 87
2024-11-22 17:15:57 - [SOLUTION]: 0

2024-11-22 17:15:57 - [INFO]: 
----------------------------------------

2024-11-22 17:15:57 - [INFO]:  *** [TEST #4] *** 

2024-11-22 17:15:57 - [INFO]: Method: Recursive
2024-11-22 17:15:57 - [TIME]: -1
2024-11-22 17:15:57 - [INFO]: FOR: [ITEMS]: L, [CAPACITY]: 111
2024-11-22 17:15:57 - [SOLUTION]: 0

2024-11-22 17:15:57 - [INFO]: 
----------------------------------------

2024-11-22 17:15:57 - [INFO]:  *** [TEST #5] *** 

2024-11-22 17:15:57 - [INFO]: Method: Recursive
2024-11-22 17:15:57 - [TIME]: -1
2024-11-22 17:15:57 - [INFO]: FOR: [ITEMS]: XL, [CAPACITY]: 38
2024-11-22 17:15:57 - [SOLUTION]: 0

2024-11-22 17:15:57 - [INFO]: 
----------------------------------------

2024-11-22 17:15:57 - [INFO]:  *** [TEST #6] *** 

2024-11-22 17:15:57 - [INFO]: Method: DP
2024-11-22 17:15:57 - [TIME]: 0.0445
2024-11-22 17:15:57 - [INFO]: FOR: [ITEMS]: XS, [CAPACITY]: 72
2024-11-22 17:15:57 - [SOLUTION]: 193

2024-11-22 17:15:57 - [INFO]: 
----------------------------------------

2024-11-22 17:15:57 - [INFO]:  *** [TEST #7] *** 

2024-11-22 17:15:57 - [INFO]: Method: DP
2024-11-22 17:15:57 - [TIME]: 0.0642
2024-11-22 17:15:57 - [INFO]: FOR: [ITEMS]: S, [CAPACITY]: 98
2024-11-22 17:15:57 - [SOLUTION]: 373

2024-11-22 17:15:57 - [INFO]: 
----------------------------------------

2024-11-22 17:15:57 - [INFO]:  *** [TEST #8] *** 

2024-11-22 17:15:57 - [INFO]: Method: DP
2024-11-22 17:15:57 - [TIME]: 0.0531
2024-11-22 17:15:57 - [INFO]: FOR: [ITEMS]: M, [CAPACITY]: 37
2024-11-22 17:15:57 - [SOLUTION]: 173

2024-11-22 17:15:57 - [INFO]: 
----------------------------------------

2024-11-22 17:15:57 - [INFO]:  *** [TEST #9] *** 

2024-11-22 17:15:57 - [INFO]: Method: DP
2024-11-22 17:15:57 - [TIME]: 0.0568
2024-11-22 17:15:57 - [INFO]: FOR: [ITEMS]: L, [CAPACITY]: 22
2024-11-22 17:15:57 - [SOLUTION]: 110

2024-11-22 17:15:57 - [INFO]: 
----------------------------------------

2024-11-22 17:15:57 - [INFO]:  *** [TEST #10] *** 

2024-11-22 17:15:57 - [INFO]: Method: DP
2024-11-22 17:15:57 - [TIME]: 0.5827
2024-11-22 17:15:57 - [INFO]: FOR: [ITEMS]: XL, [CAPACITY]: 111
2024-11-22 17:15:57 - [SOLUTION]: 540

2024-11-22 17:15:57 - [INFO]: 
----------------------------------------

2024-11-22 17:15:57 - [INFO]:  *** [TEST #11] *** 

2024-11-22 17:15:57 - [INFO]: Method: Memo
2024-11-22 17:15:57 - [TIME]: 0.4704
2024-11-22 17:15:57 - [INFO]: FOR: [ITEMS]: XS, [CAPACITY]: 23
2024-11-22 17:15:57 - [SOLUTION]: 78

2024-11-22 17:15:57 - [INFO]: 
----------------------------------------

2024-11-22 17:15:57 - [INFO]:  *** [TEST #12] *** 

2024-11-22 17:15:57 - [INFO]: Method: Memo
2024-11-22 17:15:57 - [TIME]: 1.7527
2024-11-22 17:15:57 - [INFO]: FOR: [ITEMS]: S, [CAPACITY]: 88
2024-11-22 17:15:57 - [SOLUTION]: 345

2024-11-22 17:15:57 - [INFO]: 
----------------------------------------

2024-11-22 17:15:57 - [INFO]:  *** [TEST #13] *** 

2024-11-22 17:15:57 - [INFO]: Method: Memo
2024-11-22 17:15:57 - [TIME]: 0.4981
2024-11-22 17:15:57 - [INFO]: FOR: [ITEMS]: M, [CAPACITY]: 24
2024-11-22 17:15:57 - [SOLUTION]: 111

2024-11-22 17:15:57 - [INFO]: 
----------------------------------------

2024-11-22 17:15:57 - [INFO]:  *** [TEST #14] *** 

2024-11-22 17:15:57 - [INFO]: Method: Memo
2024-11-22 17:15:57 - [TIME]: 2.4854
2024-11-22 17:15:57 - [INFO]: FOR: [ITEMS]: L, [CAPACITY]: 38
2024-11-22 17:15:57 - [SOLUTION]: 216

2024-11-22 17:15:57 - [INFO]: 
----------------------------------------

2024-11-22 17:15:57 - [INFO]:  *** [TEST #15] *** 

2024-11-22 17:15:57 - [INFO]: Method: Memo
2024-11-22 17:15:57 - [TIME]: 27.8282
2024-11-22 17:15:57 - [INFO]: FOR: [ITEMS]: XL, [CAPACITY]: 113
2024-11-22 17:15:57 - [SOLUTION]: 548

2024-11-22 17:15:57 - [INFO]: 
----------------------------------------

